<?xml version="1.0" encoding="utf-8"?><testsuites><testsuite name="pytest" errors="0" failures="0" skipped="0" tests="13" time="0.552" timestamp="2025-05-24T08:54:31.956956+03:00" hostname="Fikernews-MacBook-Air.local"><testcase classname="task_manager.tests.unit_tests.infrastructure.test_task_repository" name="test_create_task" time="0.002" /><testcase classname="task_manager.tests.unit_tests.infrastructure.test_task_repository" name="test_get_all_tasks" time="0.000" /><testcase classname="task_manager.tests.unit_tests.infrastructure.test_task_repository" name="test_get_task" time="0.000" /><testcase classname="task_manager.tests.unit_tests.infrastructure.test_task_repository" name="test_get_nonexistent_task" time="0.000" /><testcase classname="task_manager.tests.unit_tests.infrastructure.test_task_repository" name="test_delete_task" time="0.000" /><testcase classname="task_manager.tests.unit_tests.infrastructure.test_task_repository" name="test_delete_nonexistent_task" time="0.000" /><testcase classname="task_manager.tests.unit_tests.infrastructure.test_task_repository" name="test_update_task" time="0.000" /><testcase classname="task_manager.tests.unit_tests.infrastructure.test_task_repository" name="test_update_nonexistent_task" time="0.000" /><testcase classname="task_manager.tests.unit_tests.test_main" name="test_create_task" time="0.013" /><testcase classname="task_manager.tests.unit_tests.test_main" name="test_read_task" time="0.004" /><testcase classname="task_manager.tests.unit_tests.test_main" name="test_update_task" time="0.004" /><testcase classname="task_manager.tests.unit_tests.test_main" name="test_delete_task" time="0.004" /><testcase classname="task_manager.tests.unit_tests.test_main" name="test_task_not_found" time="0.002" /></testsuite></testsuites>